<?xml version="1.0" encoding="UTF-8"?>
<testng-results ignored="0" total="1" passed="1" failed="0" skipped="0">
  <reporter-output>
  </reporter-output>
  <suite started-at="2026-02-20T13:44:24 IST" name="Default suite" finished-at="2026-02-20T13:44:29 IST" duration-ms="4907">
    <groups>
    </groups>
    <test started-at="2026-02-20T13:44:24 IST" name="Default test" finished-at="2026-02-20T13:44:29 IST" duration-ms="4907">
      <class name="paginationWebTable.Dynamicwebtable">
        <test-method signature="dynamictabel()[pri:0, instance:paginationWebTable.Dynamicwebtable@6302bbb1]" started-at="2026-02-20T13:44:24 IST" name="dynamictabel" finished-at="2026-02-20T13:44:28 IST" duration-ms="4870" status="PASS">
          <reporter-output>
          </reporter-output>
        </test-method> <!-- dynamictabel -->
      </class> <!-- paginationWebTable.Dynamicwebtable -->
    </test> <!-- Default test -->
  </suite> <!-- Default suite -->
</testng-results>
