<?xml version="1.0" encoding="UTF-8"?>
<testng-results ignored="0" total="1" passed="1" failed="0" skipped="0">
  <reporter-output>
  </reporter-output>
  <suite started-at="2026-02-20T12:42:45 IST" name="Default suite" finished-at="2026-02-20T12:43:30 IST" duration-ms="44399">
    <groups>
    </groups>
    <test started-at="2026-02-20T12:42:45 IST" name="Default test" finished-at="2026-02-20T12:43:30 IST" duration-ms="44399">
      <class name="paginationWebTable.PaginateWebTable">
        <test-method signature="automateWebtable()[pri:0, instance:paginationWebTable.PaginateWebTable@31304f14]" started-at="2026-02-20T12:42:45 IST" name="automateWebtable" finished-at="2026-02-20T12:43:30 IST" duration-ms="44352" status="PASS">
          <reporter-output>
          </reporter-output>
        </test-method> <!-- automateWebtable -->
      </class> <!-- paginationWebTable.PaginateWebTable -->
    </test> <!-- Default test -->
  </suite> <!-- Default suite -->
</testng-results>
